<?xml version="1.0" encoding="UTF-8"?>
<!-- Generated by org.testng.reporters.JUnitReportReporter -->
<testsuite hostname="Fatimah" failures="0" tests="1" name="rahulshettyacademy.ExtentReport.ExtentReportDemo" time="7.359" errors="0" timestamp="2023-07-04T14:07:01 SGT" skipped="0">
  <testcase classname="rahulshettyacademy.ExtentReport.ExtentReportDemo" name="initialDemo" time="7.359"/>
  <system-out/>
</testsuite> <!-- rahulshettyacademy.ExtentReport.ExtentReportDemo -->
